<?xml version="1.0" encoding="UTF-8"?>
<!-- Generated by org.testng.reporters.JUnitReportReporter -->
<testsuite hostname="Rayuga" failures="0" tests="1" name="LOGIN.Checklogin" time="10.918" errors="0" timestamp="2024-02-23T15:49:03 IST" skipped="0">
  <testcase classname="LOGIN.Checklogin" name="validateloginfunc" time="10.918"/>
</testsuite> <!-- LOGIN.Checklogin -->
